d:\...project\systemrpc-\rpc\rpc\debug\vc142.pdb
d:\...project\systemrpc-\rpc\rpc\debug\vc142.idb
d:\...project\systemrpc-\rpc\rpc\debug\systemhandlerwin.nativecodeanalysis.sarif
d:\...project\systemrpc-\rpc\rpc\debug\systemhandlerwin.nativecodeanalysis.xml
d:\...project\systemrpc-\rpc\rpc\debug\rpchandler.nativecodeanalysis.sarif
d:\...project\systemrpc-\rpc\rpc\debug\rpchandler.nativecodeanalysis.xml
d:\...project\systemrpc-\rpc\rpc\debug\main.nativecodeanalysis.sarif
d:\...project\systemrpc-\rpc\rpc\debug\main.nativecodeanalysis.xml
d:\...project\systemrpc-\rpc\rpc\debug\main.obj
d:\...project\systemrpc-\rpc\rpc\debug\rpchandler.obj
d:\...project\systemrpc-\rpc\rpc\debug\systemhandlerwin.obj
d:\...project\systemrpc-\rpc\debug\rpc.pdb
d:\...project\systemrpc-\rpc\rpc\debug\rpc.tlog\cl.command.1.tlog
d:\...project\systemrpc-\rpc\rpc\debug\rpc.tlog\cl.read.1.tlog
d:\...project\systemrpc-\rpc\rpc\debug\rpc.tlog\cl.write.1.tlog
d:\...project\systemrpc-\rpc\rpc\debug\rpc.tlog\link-cvtres.read.1.tlog
d:\...project\systemrpc-\rpc\rpc\debug\rpc.tlog\link-cvtres.write.1.tlog
d:\...project\systemrpc-\rpc\rpc\debug\rpc.tlog\link-rc.read.1.tlog
d:\...project\systemrpc-\rpc\rpc\debug\rpc.tlog\link-rc.write.1.tlog
d:\...project\systemrpc-\rpc\rpc\debug\rpc.tlog\link.command.1.tlog
d:\...project\systemrpc-\rpc\rpc\debug\rpc.tlog\link.read.1.tlog
d:\...project\systemrpc-\rpc\rpc\debug\rpc.tlog\link.write.1.tlog
